2024-10-06 03:35:41,096 [ERROR] LogOutputStream:75 - [STDERR_REDIRECT] 
2024-10-06 12:46:38,220 [INFO] Activator:176 - 


2024-10-06 12:46:38,282 [INFO] Activator:177 - !SESSION log4j initialized
2024-10-06 12:47:33,018 [INFO] LogOutputStream:77 - [STDOUT_REDIRECT] 
2024-10-06 12:47:51,757 [INFO] ApplicationProperties:184 - Using Application install path: E:\STM32\STM32CubeIDE_1.16.1\STM32CubeIDE\plugins\com.st.stm32cube.common.mx_6.12.1.202409122256
2024-10-06 12:47:52,143 [INFO] DbMcusXml:78 - Set database path to: E:\STM32\STM32CubeIDE_1.16.1\STM32CubeIDE\plugins\com.st.stm32cube.common.mx_6.12.1.202409122256\\db\/mcu/
2024-10-06 12:47:52,144 [INFO] ApiDb:274 - Set plugin database path to: E:\STM32\STM32CubeIDE_1.16.1\STM32CubeIDE\plugins\com.st.stm32cube.common.mx_6.12.1.202409122256\\db\/plugins/boardmanager/
2024-10-06 12:47:52,145 [WARN] ApiDb:259 - Overriding images path with different value:  => E:\STM32\STM32CubeIDE_1.16.1\STM32CubeIDE\plugins\com.st.stm32cube.common.mx_6.12.1.202409122256\\db\/plugins/mcufinder/images/
2024-10-06 12:47:53,127 [INFO] ApiDb:250 - Set database path to: C:\Users\Manoj\.stmcufinder\plugins\mcufinder//mcu/
2024-10-06 12:47:53,132 [INFO] DbMcusAds:125 - Set database path to: C:\Users\Manoj\.stmcufinder\plugins\mcufinder//mcu/
2024-10-06 12:47:53,293 [INFO] CrossReferenceDbSqlite:203 - Set database path to: C:\Users\Manoj\.stmcufinder\plugins\mcufinder//mcu/cs/
2024-10-06 12:47:54,477 [INFO] RulesReader:64 - Compatibility file has been processed (297 Rules)
2024-10-06 12:47:57,977 [INFO] DbMcusXml:78 - Set database path to: E:\STM32\STM32CubeIDE_1.16.1\STM32CubeIDE\plugins\com.st.stm32cube.common.mx_6.12.1.202409122256\\db\/mcu/
2024-10-06 12:47:57,979 [INFO] ApiDb:274 - Set plugin database path to: E:\STM32\STM32CubeIDE_1.16.1\STM32CubeIDE\plugins\com.st.stm32cube.common.mx_6.12.1.202409122256\\db\/plugins/boardmanager/
2024-10-06 12:47:57,980 [INFO] ApiDb:261 - Set plugin images path to: E:\STM32\STM32CubeIDE_1.16.1\STM32CubeIDE\plugins\com.st.stm32cube.common.mx_6.12.1.202409122256\\db\/plugins/mcufinder/images/
2024-10-06 12:47:57,981 [WARN] DbFile:41 - Overriding database path with different value: C:\Users\Manoj\.stmcufinder\plugins\mcufinder/ => C:\Users\Manoj\.stmcufinder\plugins\mcufinder
2024-10-06 12:47:57,985 [INFO] ApiDb:250 - Set database path to: C:\Users\Manoj\.stmcufinder\plugins\mcufinder//mcu/
2024-10-06 12:47:57,986 [WARN] DbFile:41 - Overriding database path with different value: C:\Users\Manoj\.stmcufinder\plugins\mcufinder/ => C:\Users\Manoj\.stmcufinder\plugins\mcufinder
2024-10-06 12:47:57,986 [INFO] DbMcusAds:125 - Set database path to: C:\Users\Manoj\.stmcufinder\plugins\mcufinder//mcu/
2024-10-06 12:47:57,987 [WARN] DbFile:41 - Overriding database path with different value: C:\Users\Manoj\.stmcufinder\plugins\mcufinder/ => C:\Users\Manoj\.stmcufinder\plugins\mcufinder
2024-10-06 12:47:57,987 [WARN] DbFile:41 - Overriding database path with different value: C:\Users\Manoj\.stmcufinder\plugins\mcufinder/ => C:\Users\Manoj\.stmcufinder\plugins\mcufinder
2024-10-06 12:47:57,988 [INFO] CrossReferenceDbSqlite:203 - Set database path to: C:\Users\Manoj\.stmcufinder\plugins\mcufinder//mcu/cs/
2024-10-06 12:47:59,685 [INFO] MainPanel:268 - HeapMemory: 268435456
2024-10-06 12:48:04,439 [INFO] DbMcusXml:78 - Set database path to: E:\STM32\STM32CubeIDE_1.16.1\STM32CubeIDE\plugins\com.st.stm32cube.common.mx_6.12.1.202409122256\\db\/mcu/
2024-10-06 12:48:04,439 [INFO] ApiDb:274 - Set plugin database path to: E:\STM32\STM32CubeIDE_1.16.1\STM32CubeIDE\plugins\com.st.stm32cube.common.mx_6.12.1.202409122256\\db\/plugins/boardmanager/
2024-10-06 12:48:04,440 [INFO] ApiDb:261 - Set plugin images path to: E:\STM32\STM32CubeIDE_1.16.1\STM32CubeIDE\plugins\com.st.stm32cube.common.mx_6.12.1.202409122256\\db\/plugins/mcufinder/images/
2024-10-06 12:48:04,441 [WARN] DbFile:41 - Overriding database path with different value: C:\Users\Manoj\.stmcufinder\plugins\mcufinder/ => C:\Users\Manoj\.stmcufinder\plugins\mcufinder
2024-10-06 12:48:04,441 [INFO] ApiDb:250 - Set database path to: C:\Users\Manoj\.stmcufinder\plugins\mcufinder//mcu/
2024-10-06 12:48:04,441 [WARN] DbFile:41 - Overriding database path with different value: C:\Users\Manoj\.stmcufinder\plugins\mcufinder/ => C:\Users\Manoj\.stmcufinder\plugins\mcufinder
2024-10-06 12:48:04,443 [INFO] DbMcusAds:125 - Set database path to: C:\Users\Manoj\.stmcufinder\plugins\mcufinder//mcu/
2024-10-06 12:48:04,443 [WARN] DbFile:41 - Overriding database path with different value: C:\Users\Manoj\.stmcufinder\plugins\mcufinder/ => C:\Users\Manoj\.stmcufinder\plugins\mcufinder
2024-10-06 12:48:04,443 [WARN] DbFile:41 - Overriding database path with different value: C:\Users\Manoj\.stmcufinder\plugins\mcufinder/ => C:\Users\Manoj\.stmcufinder\plugins\mcufinder
2024-10-06 12:48:04,498 [INFO] CrossReferenceDbSqlite:203 - Set database path to: C:\Users\Manoj\.stmcufinder\plugins\mcufinder//mcu/cs/
2024-10-06 12:48:05,431 [INFO] ApplicationProperties:184 - Using Application install path: E:\STM32\STM32CubeIDE_1.16.1\STM32CubeIDE\plugins\com.st.stm32cube.common.mx_6.12.1.202409122256
2024-10-06 12:48:05,452 [INFO] PluginManage:196 - Search for loadable plugins [exclusion list=, ]
2024-10-06 12:48:05,499 [INFO] PluginManage:310 - Check plugin analytics
2024-10-06 12:48:08,362 [INFO] AnalyticsPlugin:253 - Accepted Software Licenses: STM32CubeMX.5.3.0,STM32CubeMX.6.10.0
2024-10-06 12:48:08,363 [INFO] AnalyticsPlugin:255 - Accepted CMSIS Pack Licenses: 
2024-10-06 12:48:08,363 [INFO] AnalyticsPlugin:257 - Accepted Firmware Licenses: FW.F4.1.28.0
2024-10-06 12:48:08,368 [INFO] PluginManage:359 - Loaded plugin analytics (category:tool,tabindex:-1)
2024-10-06 12:48:08,369 [INFO] PluginManage:310 - Check plugin cadmodel
2024-10-06 12:48:08,872 [INFO] CADModel:105 - Init CAD model plugin
2024-10-06 12:48:08,873 [INFO] PluginManage:359 - Loaded plugin cadmodel (category:power,tabindex:5)
2024-10-06 12:48:08,874 [INFO] PluginManage:310 - Check plugin clock
2024-10-06 12:48:08,966 [INFO] PluginManage:359 - Loaded plugin clock (category:base,tabindex:2)
2024-10-06 12:48:08,967 [INFO] PluginManage:310 - Check plugin ddr
2024-10-06 12:48:09,056 [INFO] PluginManage:359 - Loaded plugin ddr (category:tool,tabindex:6)
2024-10-06 12:48:09,057 [INFO] PluginManage:310 - Check plugin filemanager
2024-10-06 12:48:11,281 [INFO] PluginManage:359 - Loaded plugin filemanager (category:base,tabindex:10)
2024-10-06 12:48:11,281 [INFO] PluginManage:310 - Check plugin ipmanager
2024-10-06 12:48:11,313 [INFO] PluginManage:359 - Loaded plugin ipmanager (category:base,tabindex:5)
2024-10-06 12:48:11,314 [INFO] PluginManage:310 - Check plugin lpbam
2024-10-06 12:48:11,374 [INFO] PluginManage:359 - Loaded plugin lpbam (category:base,tabindex:0)
2024-10-06 12:48:11,374 [INFO] PluginManage:310 - Check plugin memorymap
2024-10-06 12:48:11,486 [INFO] PluginManage:359 - Loaded plugin memorymap (category:base,tabindex:4)
2024-10-06 12:48:11,487 [INFO] PluginManage:310 - Check plugin pinoutandconfiguration
2024-10-06 12:48:11,745 [INFO] PluginManage:359 - Loaded plugin pinoutandconfiguration (category:base,tabindex:1)
2024-10-06 12:48:11,745 [INFO] PluginManage:310 - Check plugin pinoutconfig
2024-10-06 12:48:12,605 [WARN] SupportedApi:132 - Cannot load RTOS API schema: s4s-elt-must-match.1: The content of 'definitions' must match (annotation?, (simpleType | complexType)?, (unique | key | keyref)*)). A problem was found starting at: attribute.
2024-10-06 12:48:14,199 [INFO] PluginManage:359 - Loaded plugin pinoutconfig (category:base,tabindex:0)
2024-10-06 12:48:14,200 [INFO] PluginManage:310 - Check plugin power
2024-10-06 12:48:14,493 [INFO] PluginManage:359 - Loaded plugin power (category:power,tabindex:4)
2024-10-06 12:48:14,493 [INFO] PluginManage:310 - Check plugin projectmanager
2024-10-06 12:48:14,546 [INFO] PluginManage:359 - Loaded plugin projectmanager (category:projectmanager,tabindex:4)
2024-10-06 12:48:14,546 [INFO] PluginManage:310 - Check plugin rif
2024-10-06 12:48:14,664 [INFO] PluginManage:359 - Loaded plugin rif (category:base,tabindex:3)
2024-10-06 12:48:14,664 [INFO] PluginManage:310 - Check plugin thirdparty
2024-10-06 12:48:16,231 [INFO] PluginManage:359 - Loaded plugin thirdparty (category:base,tabindex:-1)
2024-10-06 12:48:16,232 [INFO] PluginManage:310 - Check plugin tools
2024-10-06 12:48:16,230 [WARN] IntegrityCheckThread:84 - waiting for thirdparty lock release [integrity check]
2024-10-06 12:48:16,234 [INFO] IntegrityCheckThread:86 - entering critical section [integrity check]
2024-10-06 12:48:16,236 [INFO] ThirdPartyUpdaterWithRetryManager:70 - Updater plugin not ready yet. [1/15]
2024-10-06 12:48:16,287 [INFO] PluginManage:359 - Loaded plugin tools (category:base,tabindex:7)
2024-10-06 12:48:16,288 [INFO] PluginManage:310 - Check plugin tutovideos
2024-10-06 12:48:17,582 [INFO] PluginManage:359 - Loaded plugin tutovideos (category:base,tabindex:-1)
2024-10-06 12:48:17,582 [INFO] PluginManage:310 - Check plugin updater
2024-10-06 12:48:18,255 [INFO] PluginManage:359 - Loaded plugin updater (category:base,tabindex:12)
2024-10-06 12:48:18,256 [INFO] PluginManage:310 - Check plugin userauth
2024-10-06 12:48:18,334 [INFO] UserAuth:113 - Init User Auth plugin
2024-10-06 12:48:18,335 [INFO] PluginManage:359 - Loaded plugin userauth (category:base,tabindex:14)
2024-10-06 12:48:18,336 [INFO] PluginManage:283 - PluginManage : Loaded plugins [18]
2024-10-06 12:48:19,238 [INFO] ThirdPartyUpdaterWithRetryManager:70 - Updater plugin not ready yet. [2/15]
2024-10-06 12:48:21,099 [INFO] PinOutPanel:1561 - setPackage(No Configuration,No Configuration)
2024-10-06 12:48:21,681 [INFO] CADModel:165 - CPN selected for project level
2024-10-06 12:48:21,682 [INFO] CADModel:114 - Register for checkConnection events
2024-10-06 12:48:21,942 [INFO] IPUIPlugin:80 - create IPUIPlugin
2024-10-06 12:48:21,943 [INFO] PluginManager:220 - loadIPPluginJar : add adc
2024-10-06 12:48:21,948 [INFO] IPUIPlugin:80 - create IPUIPlugin
2024-10-06 12:48:21,948 [INFO] PluginManager:220 - loadIPPluginJar : add aes
2024-10-06 12:48:21,965 [INFO] IPUIPlugin:80 - create IPUIPlugin
2024-10-06 12:48:21,965 [INFO] PluginManager:220 - loadIPPluginJar : add can
2024-10-06 12:48:21,968 [INFO] IPUIPlugin:80 - create IPUIPlugin
2024-10-06 12:48:21,968 [INFO] PluginManager:220 - loadIPPluginJar : add comp
2024-10-06 12:48:21,972 [INFO] IPUIPlugin:80 - create IPUIPlugin
2024-10-06 12:48:21,972 [INFO] PluginManager:220 - loadIPPluginJar : add cryp
2024-10-06 12:48:22,073 [INFO] IPUIPlugin:80 - create IPUIPlugin
2024-10-06 12:48:22,073 [INFO] PluginManager:220 - loadIPPluginJar : add ddr_ctrl_phy
2024-10-06 12:48:22,081 [INFO] IPUIPlugin:80 - create IPUIPlugin
2024-10-06 12:48:22,082 [INFO] PluginManager:220 - loadIPPluginJar : add dfsdm
2024-10-06 12:48:22,097 [INFO] IPUIPlugin:80 - create IPUIPlugin
2024-10-06 12:48:22,099 [INFO] PluginManager:220 - loadIPPluginJar : add dma
2024-10-06 12:48:22,107 [INFO] IPUIPlugin:80 - create IPUIPlugin
2024-10-06 12:48:22,107 [INFO] PluginManager:220 - loadIPPluginJar : add dma3
2024-10-06 12:48:22,112 [INFO] IPUIPlugin:80 - create IPUIPlugin
2024-10-06 12:48:22,112 [INFO] PluginManager:220 - loadIPPluginJar : add extmemmanager
2024-10-06 12:48:22,116 [INFO] IPUIPlugin:80 - create IPUIPlugin
2024-10-06 12:48:22,116 [INFO] PluginManager:220 - loadIPPluginJar : add fatfs
2024-10-06 12:48:22,124 [INFO] IPUIPlugin:80 - create IPUIPlugin
2024-10-06 12:48:22,125 [INFO] PluginManager:220 - loadIPPluginJar : add fmc
2024-10-06 12:48:22,195 [INFO] IPUIPlugin:80 - create IPUIPlugin
2024-10-06 12:48:22,196 [INFO] PluginManager:220 - loadIPPluginJar : add freertos
2024-10-06 12:48:22,201 [INFO] IPUIPlugin:80 - create IPUIPlugin
2024-10-06 12:48:22,202 [INFO] PluginManager:220 - loadIPPluginJar : add genericplugin
2024-10-06 12:48:22,213 [INFO] IPUIPlugin:80 - create IPUIPlugin
2024-10-06 12:48:22,213 [INFO] PluginManager:220 - loadIPPluginJar : add gfxmmu
2024-10-06 12:48:22,227 [INFO] IPUIPlugin:80 - create IPUIPlugin
2024-10-06 12:48:22,227 [INFO] PluginManager:220 - loadIPPluginJar : add gic
2024-10-06 12:48:22,235 [INFO] IPUIPlugin:80 - create IPUIPlugin
2024-10-06 12:48:22,235 [INFO] PluginManager:220 - loadIPPluginJar : add gpio
2024-10-06 12:48:22,239 [INFO] ThirdPartyUpdaterWithRetryManager:70 - Updater plugin not ready yet. [3/15]
2024-10-06 12:48:22,242 [INFO] IPUIPlugin:80 - create IPUIPlugin
2024-10-06 12:48:22,242 [INFO] PluginManager:220 - loadIPPluginJar : add gtzc
2024-10-06 12:48:22,248 [INFO] IPUIPlugin:80 - create IPUIPlugin
2024-10-06 12:48:22,248 [INFO] PluginManager:220 - loadIPPluginJar : add hash
2024-10-06 12:48:22,256 [INFO] IPUIPlugin:80 - create IPUIPlugin
2024-10-06 12:48:22,256 [INFO] PluginManager:220 - loadIPPluginJar : add i2c
2024-10-06 12:48:22,262 [INFO] IPUIPlugin:80 - create IPUIPlugin
2024-10-06 12:48:22,262 [INFO] PluginManager:220 - loadIPPluginJar : add i2s
2024-10-06 12:48:22,268 [INFO] IPUIPlugin:80 - create IPUIPlugin
2024-10-06 12:48:22,269 [INFO] PluginManager:220 - loadIPPluginJar : add i3c
2024-10-06 12:48:22,277 [INFO] IPUIPlugin:80 - create IPUIPlugin
2024-10-06 12:48:22,278 [INFO] PluginManager:220 - loadIPPluginJar : add ipddr
2024-10-06 12:48:22,360 [INFO] IPUIPlugin:80 - create IPUIPlugin
2024-10-06 12:48:22,360 [INFO] PluginManager:220 - loadIPPluginJar : add linkedlist
2024-10-06 12:48:23,423 [INFO] IPUIPlugin:80 - create IPUIPlugin
2024-10-06 12:48:23,424 [INFO] PluginManager:220 - loadIPPluginJar : add lorawan
2024-10-06 12:48:23,429 [INFO] IPUIPlugin:80 - create IPUIPlugin
2024-10-06 12:48:23,429 [INFO] PluginManager:220 - loadIPPluginJar : add ltdc
2024-10-06 12:48:23,444 [INFO] IPUIPlugin:80 - create IPUIPlugin
2024-10-06 12:48:23,445 [INFO] PluginManager:220 - loadIPPluginJar : add mdma
2024-10-06 12:48:23,456 [INFO] IPUIPlugin:80 - create IPUIPlugin
2024-10-06 12:48:23,456 [INFO] PluginManager:220 - loadIPPluginJar : add nvic
2024-10-06 12:48:23,468 [INFO] IPUIPlugin:80 - create IPUIPlugin
2024-10-06 12:48:23,469 [INFO] PluginManager:220 - loadIPPluginJar : add opamp
2024-10-06 12:48:23,476 [INFO] IPUIPlugin:80 - create IPUIPlugin
2024-10-06 12:48:23,476 [INFO] PluginManager:220 - loadIPPluginJar : add openamp
2024-10-06 12:48:24,554 [INFO] IPUIPlugin:80 - create IPUIPlugin
2024-10-06 12:48:24,554 [INFO] PluginManager:220 - loadIPPluginJar : add pdm2pcm
2024-10-06 12:48:24,587 [INFO] IPUIPlugin:80 - create IPUIPlugin
2024-10-06 12:48:24,601 [INFO] PluginManager:220 - loadIPPluginJar : add plateformsettings
2024-10-06 12:48:24,605 [INFO] IPUIPlugin:80 - create IPUIPlugin
2024-10-06 12:48:24,605 [INFO] PluginManager:220 - loadIPPluginJar : add quadspi
2024-10-06 12:48:24,611 [INFO] IPUIPlugin:80 - create IPUIPlugin
2024-10-06 12:48:24,613 [INFO] PluginManager:220 - loadIPPluginJar : add radio
2024-10-06 12:48:24,623 [INFO] IPUIPlugin:80 - create IPUIPlugin
2024-10-06 12:48:24,623 [INFO] PluginManager:220 - loadIPPluginJar : add resmgrutility
2024-10-06 12:48:24,748 [INFO] IPUIPlugin:80 - create IPUIPlugin
2024-10-06 12:48:24,748 [INFO] PluginManager:220 - loadIPPluginJar : add sai
2024-10-06 12:48:24,765 [INFO] IPUIPlugin:80 - create IPUIPlugin
2024-10-06 12:48:24,766 [INFO] PluginManager:220 - loadIPPluginJar : add spi
2024-10-06 12:48:24,779 [INFO] IPUIPlugin:80 - create IPUIPlugin
2024-10-06 12:48:24,780 [INFO] PluginManager:220 - loadIPPluginJar : add stm32_wpan
2024-10-06 12:48:24,786 [INFO] IPUIPlugin:80 - create IPUIPlugin
2024-10-06 12:48:24,786 [INFO] PluginManager:220 - loadIPPluginJar : add tim
2024-10-06 12:48:24,797 [INFO] IPUIPlugin:80 - create IPUIPlugin
2024-10-06 12:48:24,798 [INFO] PluginManager:220 - loadIPPluginJar : add touchsensing
2024-10-06 12:48:24,804 [INFO] IPUIPlugin:80 - create IPUIPlugin
2024-10-06 12:48:24,805 [INFO] PluginManager:220 - loadIPPluginJar : add tracer_emb
2024-10-06 12:48:24,811 [INFO] IPUIPlugin:80 - create IPUIPlugin
2024-10-06 12:48:24,812 [INFO] PluginManager:220 - loadIPPluginJar : add ts
2024-10-06 12:48:24,818 [INFO] IPUIPlugin:80 - create IPUIPlugin
2024-10-06 12:48:24,819 [INFO] PluginManager:220 - loadIPPluginJar : add tsc
2024-10-06 12:48:24,828 [INFO] IPUIPlugin:80 - create IPUIPlugin
2024-10-06 12:48:24,828 [INFO] PluginManager:220 - loadIPPluginJar : add ucpd
2024-10-06 12:48:24,839 [INFO] IPUIPlugin:80 - create IPUIPlugin
2024-10-06 12:48:24,839 [INFO] PluginManager:220 - loadIPPluginJar : add usart
2024-10-06 12:48:24,851 [INFO] IPUIPlugin:80 - create IPUIPlugin
2024-10-06 12:48:24,852 [INFO] PluginManager:220 - loadIPPluginJar : add usbx
2024-10-06 12:48:25,240 [INFO] ThirdPartyUpdaterWithRetryManager:70 - Updater plugin not ready yet. [4/15]
2024-10-06 12:48:25,263 [INFO] CADModel:165 - CPN selected for project level
2024-10-06 12:48:25,264 [INFO] CADModel:114 - Register for checkConnection events
2024-10-06 12:48:25,264 [FATAL] Updater:334 - Updater called before beeing initialized
2024-10-06 12:48:25,265 [ERROR] CADModel:125 - Updater not yet initialized, retry later 
2024-10-06 12:48:28,256 [FATAL] Updater:334 - Updater called before beeing initialized
2024-10-06 12:48:28,257 [ERROR] IntegrityCheckThread:130 - Cannot retrieve database content from updater: error 21
2024-10-06 12:48:28,257 [INFO] ThirdParty:978 - Integrity check success = false
2024-10-06 12:48:28,258 [INFO] IntegrityCheckThread:100 - exiting critical section [integrity check]
2024-10-06 12:48:28,258 [INFO] IntegrityCheckThread:103 - End integrity checks thread
2024-10-06 12:48:28,806 [INFO] CADModel:165 - CPN selected for project level
2024-10-06 12:48:28,809 [INFO] CADModel:114 - Register for checkConnection events
2024-10-06 12:48:28,809 [FATAL] Updater:334 - Updater called before beeing initialized
2024-10-06 12:48:28,810 [ERROR] CADModel:125 - Updater not yet initialized, retry later 
2024-10-06 12:48:29,176 [FATAL] Updater:334 - Updater called before beeing initialized
2024-10-06 12:48:31,177 [FATAL] Updater:334 - Updater called before beeing initialized
2024-10-06 12:48:31,264 [INFO] DbMcusAds:53 - JSON generation date=Thu Sep 30 12:25:09 IST 2021 (1632984909247)
2024-10-06 12:48:31,265 [FATAL] Updater:334 - Updater called before beeing initialized
2024-10-06 12:48:31,947 [WARN] DetailPanel:346 - Failed to get advertising image, set to default
2024-10-06 12:48:33,620 [FATAL] Updater:334 - Updater called before beeing initialized
2024-10-06 12:48:33,629 [FATAL] Updater:334 - Updater called before beeing initialized
2024-10-06 12:48:33,630 [FATAL] Updater:334 - Updater called before beeing initialized
2024-10-06 12:48:33,631 [WARN] DetailPanel:346 - Failed to get advertising image, set to default
2024-10-06 12:48:33,636 [FATAL] Updater:334 - Updater called before beeing initialized
2024-10-06 12:48:34,616 [ERROR] Updater:1164 - MainUpdater not yet initialized. External WinMGr cannot be set.
2024-10-06 12:48:34,643 [INFO] Updater:1100 - Updater Version found : 6.12.1
2024-10-06 12:48:35,293 [INFO] ApplicationProperties:184 - Using Application install path: E:\STM32\STM32CubeIDE_1.16.1\STM32CubeIDE\plugins\com.st.stm32cube.common.mx_6.12.1.202409122256
2024-10-06 12:48:42,136 [INFO] MainUpdater:2873 - connection check result : 10
2024-10-06 12:48:42,138 [INFO] MainUpdater:290 - Updater Check For Update Now.
2024-10-06 12:48:42,138 [INFO] MicroXplorer:498 - Change Database Version : DB.6.0.121
2024-10-06 12:48:42,206 [INFO] McuFinderGlobals:63 - Set McuFinder mode to 2 (CubeIDE integrated)
2024-10-06 12:48:42,835 [INFO] UserAuth:417 - Internet connection configuration mode: 1
2024-10-06 12:48:43,632 [INFO] JxBrowserEngine:152 - Initiate JxBrowser Engine with user profile folder
2024-10-06 12:48:43,633 [INFO] CheckServerUpdateThread:120 - End of CheckServer Thread
2024-10-06 12:49:33,272 [INFO] WebApp:167 - Instantiating new browser for Auth
2024-10-06 12:49:52,167 [INFO] WebApp:448 - Apply proxy settings
2024-10-06 12:49:52,168 [INFO] WebApp:533 - Chromium requires no authentication
2024-10-06 12:49:52,676 [INFO] WebApp:476 - Direct internet connection detected
2024-10-06 12:49:54,346 [INFO] WebApp:869 - Register for checkConnection events
2024-10-06 12:49:54,347 [INFO] WebApp:448 - Apply proxy settings
2024-10-06 12:49:54,347 [INFO] WebApp:533 - Chromium requires no authentication
2024-10-06 12:49:54,349 [INFO] WebApp:476 - Direct internet connection detected
2024-10-06 12:49:58,705 [INFO] WebApp:186 - Connection restablished
2024-10-06 12:50:05,792 [INFO] WebApp:220 - Starting web application
2024-10-06 12:50:05,793 [INFO] WebApp:578 - Web application path used E:\STM32\STM32CubeIDE_1.16.1\STM32CubeIDE\plugins\com.st.stm32cube.common.mx_6.12.1.202409122256\db\plugins\mcufinder\reactClient1\index.html
2024-10-06 12:50:07,073 [INFO] UserAuth:417 - Internet connection configuration mode: 1
2024-10-06 12:58:54,434 [ERROR] LogOutputStream:75 - [STDERR_REDIRECT] 
2024-10-06 13:52:05,364 [INFO] Activator:176 - 


2024-10-06 13:52:05,368 [INFO] Activator:177 - !SESSION log4j initialized
2024-10-06 13:52:15,694 [INFO] LogOutputStream:77 - [STDOUT_REDIRECT] 
2024-10-06 13:52:17,468 [ERROR] ConfigurationRetriever:142 - IOException on connection: sw-center.st.com
2024-10-06 13:52:17,593 [ERROR] ConfigurationRetriever:142 - IOException on connection: sw-center.st.com
2024-10-06 13:52:17,594 [ERROR] ConfigurationRetriever:142 - IOException on connection: sw-center.st.com
2024-10-06 13:52:21,742 [INFO] ApplicationProperties:184 - Using Application install path: E:\STM32\STM32CubeIDE_1.16.1\STM32CubeIDE\plugins\com.st.stm32cube.common.mx_6.12.1.202409122256
2024-10-06 13:52:21,817 [INFO] DbMcusXml:78 - Set database path to: E:\STM32\STM32CubeIDE_1.16.1\STM32CubeIDE\plugins\com.st.stm32cube.common.mx_6.12.1.202409122256\\db\/mcu/
2024-10-06 13:52:21,818 [INFO] ApiDb:274 - Set plugin database path to: E:\STM32\STM32CubeIDE_1.16.1\STM32CubeIDE\plugins\com.st.stm32cube.common.mx_6.12.1.202409122256\\db\/plugins/boardmanager/
2024-10-06 13:52:21,821 [WARN] ApiDb:259 - Overriding images path with different value:  => E:\STM32\STM32CubeIDE_1.16.1\STM32CubeIDE\plugins\com.st.stm32cube.common.mx_6.12.1.202409122256\\db\/plugins/mcufinder/images/
2024-10-06 13:52:21,837 [INFO] ApiDb:250 - Set database path to: C:\Users\Manoj\.stmcufinder\plugins\mcufinder//mcu/
2024-10-06 13:52:21,845 [INFO] DbMcusAds:125 - Set database path to: C:\Users\Manoj\.stmcufinder\plugins\mcufinder//mcu/
2024-10-06 13:52:21,873 [INFO] CrossReferenceDbSqlite:203 - Set database path to: C:\Users\Manoj\.stmcufinder\plugins\mcufinder//mcu/cs/
2024-10-06 13:52:22,260 [INFO] RulesReader:64 - Compatibility file has been processed (297 Rules)
2024-10-06 13:52:22,618 [INFO] DbMcusXml:78 - Set database path to: E:\STM32\STM32CubeIDE_1.16.1\STM32CubeIDE\plugins\com.st.stm32cube.common.mx_6.12.1.202409122256\\db\/mcu/
2024-10-06 13:52:22,618 [INFO] ApiDb:274 - Set plugin database path to: E:\STM32\STM32CubeIDE_1.16.1\STM32CubeIDE\plugins\com.st.stm32cube.common.mx_6.12.1.202409122256\\db\/plugins/boardmanager/
2024-10-06 13:52:22,619 [INFO] ApiDb:261 - Set plugin images path to: E:\STM32\STM32CubeIDE_1.16.1\STM32CubeIDE\plugins\com.st.stm32cube.common.mx_6.12.1.202409122256\\db\/plugins/mcufinder/images/
2024-10-06 13:52:22,619 [WARN] DbFile:41 - Overriding database path with different value: C:\Users\Manoj\.stmcufinder\plugins\mcufinder/ => C:\Users\Manoj\.stmcufinder\plugins\mcufinder
2024-10-06 13:52:22,620 [INFO] ApiDb:250 - Set database path to: C:\Users\Manoj\.stmcufinder\plugins\mcufinder//mcu/
2024-10-06 13:52:22,620 [WARN] DbFile:41 - Overriding database path with different value: C:\Users\Manoj\.stmcufinder\plugins\mcufinder/ => C:\Users\Manoj\.stmcufinder\plugins\mcufinder
2024-10-06 13:52:22,620 [INFO] DbMcusAds:125 - Set database path to: C:\Users\Manoj\.stmcufinder\plugins\mcufinder//mcu/
2024-10-06 13:52:22,620 [WARN] DbFile:41 - Overriding database path with different value: C:\Users\Manoj\.stmcufinder\plugins\mcufinder/ => C:\Users\Manoj\.stmcufinder\plugins\mcufinder
2024-10-06 13:52:22,621 [WARN] DbFile:41 - Overriding database path with different value: C:\Users\Manoj\.stmcufinder\plugins\mcufinder/ => C:\Users\Manoj\.stmcufinder\plugins\mcufinder
2024-10-06 13:52:22,621 [INFO] CrossReferenceDbSqlite:203 - Set database path to: C:\Users\Manoj\.stmcufinder\plugins\mcufinder//mcu/cs/
2024-10-06 13:52:22,905 [INFO] MainPanel:268 - HeapMemory: 268435456
2024-10-06 13:52:23,582 [INFO] DbMcusXml:78 - Set database path to: E:\STM32\STM32CubeIDE_1.16.1\STM32CubeIDE\plugins\com.st.stm32cube.common.mx_6.12.1.202409122256\\db\/mcu/
2024-10-06 13:52:23,582 [INFO] ApiDb:274 - Set plugin database path to: E:\STM32\STM32CubeIDE_1.16.1\STM32CubeIDE\plugins\com.st.stm32cube.common.mx_6.12.1.202409122256\\db\/plugins/boardmanager/
2024-10-06 13:52:23,582 [INFO] ApiDb:261 - Set plugin images path to: E:\STM32\STM32CubeIDE_1.16.1\STM32CubeIDE\plugins\com.st.stm32cube.common.mx_6.12.1.202409122256\\db\/plugins/mcufinder/images/
2024-10-06 13:52:23,583 [WARN] DbFile:41 - Overriding database path with different value: C:\Users\Manoj\.stmcufinder\plugins\mcufinder/ => C:\Users\Manoj\.stmcufinder\plugins\mcufinder
2024-10-06 13:52:23,584 [INFO] ApiDb:250 - Set database path to: C:\Users\Manoj\.stmcufinder\plugins\mcufinder//mcu/
2024-10-06 13:52:23,584 [WARN] DbFile:41 - Overriding database path with different value: C:\Users\Manoj\.stmcufinder\plugins\mcufinder/ => C:\Users\Manoj\.stmcufinder\plugins\mcufinder
2024-10-06 13:52:23,584 [INFO] DbMcusAds:125 - Set database path to: C:\Users\Manoj\.stmcufinder\plugins\mcufinder//mcu/
2024-10-06 13:52:23,584 [WARN] DbFile:41 - Overriding database path with different value: C:\Users\Manoj\.stmcufinder\plugins\mcufinder/ => C:\Users\Manoj\.stmcufinder\plugins\mcufinder
2024-10-06 13:52:23,585 [WARN] DbFile:41 - Overriding database path with different value: C:\Users\Manoj\.stmcufinder\plugins\mcufinder/ => C:\Users\Manoj\.stmcufinder\plugins\mcufinder
2024-10-06 13:52:23,585 [INFO] CrossReferenceDbSqlite:203 - Set database path to: C:\Users\Manoj\.stmcufinder\plugins\mcufinder//mcu/cs/
2024-10-06 13:52:23,624 [INFO] ApplicationProperties:184 - Using Application install path: E:\STM32\STM32CubeIDE_1.16.1\STM32CubeIDE\plugins\com.st.stm32cube.common.mx_6.12.1.202409122256
2024-10-06 13:52:23,627 [INFO] PluginManage:196 - Search for loadable plugins [exclusion list=, ]
2024-10-06 13:52:23,630 [INFO] PluginManage:310 - Check plugin analytics
2024-10-06 13:52:24,528 [INFO] AnalyticsPlugin:253 - Accepted Software Licenses: STM32CubeMX.5.3.0,STM32CubeMX.6.10.0
2024-10-06 13:52:24,529 [INFO] AnalyticsPlugin:255 - Accepted CMSIS Pack Licenses: 
2024-10-06 13:52:24,529 [INFO] AnalyticsPlugin:257 - Accepted Firmware Licenses: FW.F4.1.28.0
2024-10-06 13:52:24,562 [INFO] PluginManage:359 - Loaded plugin analytics (category:tool,tabindex:-1)
2024-10-06 13:52:24,565 [INFO] PluginManage:310 - Check plugin cadmodel
2024-10-06 13:52:24,573 [INFO] CADModel:105 - Init CAD model plugin
2024-10-06 13:52:24,574 [INFO] PluginManage:359 - Loaded plugin cadmodel (category:power,tabindex:5)
2024-10-06 13:52:24,574 [INFO] PluginManage:310 - Check plugin clock
2024-10-06 13:52:24,594 [INFO] PluginManage:359 - Loaded plugin clock (category:base,tabindex:2)
2024-10-06 13:52:24,595 [INFO] PluginManage:310 - Check plugin ddr
2024-10-06 13:52:24,599 [INFO] PluginManage:359 - Loaded plugin ddr (category:tool,tabindex:6)
2024-10-06 13:52:24,600 [INFO] PluginManage:310 - Check plugin filemanager
2024-10-06 13:52:24,811 [ERROR] ConfigurationRetriever:142 - IOException on connection: sw-center.st.com
2024-10-06 13:52:24,814 [ERROR] ConfigurationRetriever:142 - IOException on connection: sw-center.st.com
2024-10-06 13:52:24,816 [ERROR] ConfigurationRetriever:142 - IOException on connection: sw-center.st.com
2024-10-06 13:52:26,866 [INFO] PluginManage:359 - Loaded plugin filemanager (category:base,tabindex:10)
2024-10-06 13:52:26,866 [INFO] PluginManage:310 - Check plugin ipmanager
2024-10-06 13:52:26,911 [INFO] PluginManage:359 - Loaded plugin ipmanager (category:base,tabindex:5)
2024-10-06 13:52:26,911 [INFO] PluginManage:310 - Check plugin lpbam
2024-10-06 13:52:26,937 [INFO] PluginManage:359 - Loaded plugin lpbam (category:base,tabindex:0)
2024-10-06 13:52:26,937 [INFO] PluginManage:310 - Check plugin memorymap
2024-10-06 13:52:26,969 [INFO] PluginManage:359 - Loaded plugin memorymap (category:base,tabindex:4)
2024-10-06 13:52:26,970 [INFO] PluginManage:310 - Check plugin pinoutandconfiguration
2024-10-06 13:52:26,991 [INFO] PluginManage:359 - Loaded plugin pinoutandconfiguration (category:base,tabindex:1)
2024-10-06 13:52:26,991 [INFO] PluginManage:310 - Check plugin pinoutconfig
2024-10-06 13:52:27,281 [WARN] SupportedApi:132 - Cannot load RTOS API schema: s4s-elt-must-match.1: The content of 'definitions' must match (annotation?, (simpleType | complexType)?, (unique | key | keyref)*)). A problem was found starting at: attribute.
2024-10-06 13:52:27,769 [INFO] PluginManage:359 - Loaded plugin pinoutconfig (category:base,tabindex:0)
2024-10-06 13:52:27,769 [INFO] PluginManage:310 - Check plugin power
2024-10-06 13:52:27,791 [INFO] PluginManage:359 - Loaded plugin power (category:power,tabindex:4)
2024-10-06 13:52:27,791 [INFO] PluginManage:310 - Check plugin projectmanager
2024-10-06 13:52:27,955 [INFO] PluginManage:359 - Loaded plugin projectmanager (category:projectmanager,tabindex:4)
2024-10-06 13:52:27,956 [INFO] PluginManage:310 - Check plugin rif
2024-10-06 13:52:27,966 [INFO] PluginManage:359 - Loaded plugin rif (category:base,tabindex:3)
2024-10-06 13:52:27,967 [INFO] PluginManage:310 - Check plugin thirdparty
2024-10-06 13:52:28,388 [INFO] PluginManage:359 - Loaded plugin thirdparty (category:base,tabindex:-1)
2024-10-06 13:52:28,388 [INFO] PluginManage:310 - Check plugin tools
2024-10-06 13:52:28,393 [INFO] PluginManage:359 - Loaded plugin tools (category:base,tabindex:7)
2024-10-06 13:52:28,394 [INFO] PluginManage:310 - Check plugin tutovideos
2024-10-06 13:52:28,444 [WARN] IntegrityCheckThread:84 - waiting for thirdparty lock release [integrity check]
2024-10-06 13:52:28,446 [INFO] IntegrityCheckThread:86 - entering critical section [integrity check]
2024-10-06 13:52:28,447 [INFO] ThirdPartyUpdaterWithRetryManager:70 - Updater plugin not ready yet. [1/15]
2024-10-06 13:52:28,963 [INFO] PluginManage:359 - Loaded plugin tutovideos (category:base,tabindex:-1)
2024-10-06 13:52:28,964 [INFO] PluginManage:310 - Check plugin updater
2024-10-06 13:52:29,058 [INFO] PluginManage:359 - Loaded plugin updater (category:base,tabindex:12)
2024-10-06 13:52:29,059 [INFO] PluginManage:310 - Check plugin userauth
2024-10-06 13:52:29,071 [INFO] UserAuth:113 - Init User Auth plugin
2024-10-06 13:52:29,072 [INFO] PluginManage:359 - Loaded plugin userauth (category:base,tabindex:14)
2024-10-06 13:52:29,073 [INFO] PluginManage:283 - PluginManage : Loaded plugins [18]
2024-10-06 13:52:31,503 [INFO] ThirdPartyUpdaterWithRetryManager:70 - Updater plugin not ready yet. [2/15]
2024-10-06 13:52:31,569 [INFO] PinOutPanel:1561 - setPackage(No Configuration,No Configuration)
2024-10-06 13:52:31,831 [INFO] CADModel:165 - CPN selected for project level
2024-10-06 13:52:31,832 [INFO] CADModel:114 - Register for checkConnection events
2024-10-06 13:52:31,893 [INFO] IPUIPlugin:80 - create IPUIPlugin
2024-10-06 13:52:31,896 [INFO] PluginManager:220 - loadIPPluginJar : add adc
2024-10-06 13:52:31,902 [INFO] IPUIPlugin:80 - create IPUIPlugin
2024-10-06 13:52:31,902 [INFO] PluginManager:220 - loadIPPluginJar : add aes
2024-10-06 13:52:31,915 [INFO] IPUIPlugin:80 - create IPUIPlugin
2024-10-06 13:52:31,915 [INFO] PluginManager:220 - loadIPPluginJar : add can
2024-10-06 13:52:31,919 [INFO] IPUIPlugin:80 - create IPUIPlugin
2024-10-06 13:52:31,919 [INFO] PluginManager:220 - loadIPPluginJar : add comp
2024-10-06 13:52:31,924 [INFO] IPUIPlugin:80 - create IPUIPlugin
2024-10-06 13:52:31,924 [INFO] PluginManager:220 - loadIPPluginJar : add cryp
2024-10-06 13:52:31,929 [INFO] IPUIPlugin:80 - create IPUIPlugin
2024-10-06 13:52:31,930 [INFO] PluginManager:220 - loadIPPluginJar : add ddr_ctrl_phy
2024-10-06 13:52:31,939 [INFO] IPUIPlugin:80 - create IPUIPlugin
2024-10-06 13:52:31,941 [INFO] PluginManager:220 - loadIPPluginJar : add dfsdm
2024-10-06 13:52:31,952 [INFO] IPUIPlugin:80 - create IPUIPlugin
2024-10-06 13:52:31,953 [INFO] PluginManager:220 - loadIPPluginJar : add dma
2024-10-06 13:52:31,958 [INFO] IPUIPlugin:80 - create IPUIPlugin
2024-10-06 13:52:31,959 [INFO] PluginManager:220 - loadIPPluginJar : add dma3
2024-10-06 13:52:31,965 [INFO] IPUIPlugin:80 - create IPUIPlugin
2024-10-06 13:52:31,965 [INFO] PluginManager:220 - loadIPPluginJar : add extmemmanager
2024-10-06 13:52:31,968 [INFO] IPUIPlugin:80 - create IPUIPlugin
2024-10-06 13:52:31,968 [INFO] PluginManager:220 - loadIPPluginJar : add fatfs
2024-10-06 13:52:31,980 [INFO] IPUIPlugin:80 - create IPUIPlugin
2024-10-06 13:52:31,981 [INFO] PluginManager:220 - loadIPPluginJar : add fmc
2024-10-06 13:52:32,018 [INFO] IPUIPlugin:80 - create IPUIPlugin
2024-10-06 13:52:32,019 [INFO] PluginManager:220 - loadIPPluginJar : add freertos
2024-10-06 13:52:32,022 [INFO] IPUIPlugin:80 - create IPUIPlugin
2024-10-06 13:52:32,022 [INFO] PluginManager:220 - loadIPPluginJar : add genericplugin
2024-10-06 13:52:32,026 [INFO] IPUIPlugin:80 - create IPUIPlugin
2024-10-06 13:52:32,027 [INFO] PluginManager:220 - loadIPPluginJar : add gfxmmu
2024-10-06 13:52:32,037 [INFO] IPUIPlugin:80 - create IPUIPlugin
2024-10-06 13:52:32,037 [INFO] PluginManager:220 - loadIPPluginJar : add gic
2024-10-06 13:52:32,050 [INFO] IPUIPlugin:80 - create IPUIPlugin
2024-10-06 13:52:32,051 [INFO] PluginManager:220 - loadIPPluginJar : add gpio
2024-10-06 13:52:32,057 [INFO] IPUIPlugin:80 - create IPUIPlugin
2024-10-06 13:52:32,057 [INFO] PluginManager:220 - loadIPPluginJar : add gtzc
2024-10-06 13:52:32,062 [INFO] IPUIPlugin:80 - create IPUIPlugin
2024-10-06 13:52:32,063 [INFO] PluginManager:220 - loadIPPluginJar : add hash
2024-10-06 13:52:32,074 [INFO] IPUIPlugin:80 - create IPUIPlugin
2024-10-06 13:52:32,075 [INFO] PluginManager:220 - loadIPPluginJar : add i2c
2024-10-06 13:52:32,083 [INFO] IPUIPlugin:80 - create IPUIPlugin
2024-10-06 13:52:32,083 [INFO] PluginManager:220 - loadIPPluginJar : add i2s
2024-10-06 13:52:32,089 [INFO] IPUIPlugin:80 - create IPUIPlugin
2024-10-06 13:52:32,089 [INFO] PluginManager:220 - loadIPPluginJar : add i3c
2024-10-06 13:52:32,096 [INFO] IPUIPlugin:80 - create IPUIPlugin
2024-10-06 13:52:32,096 [INFO] PluginManager:220 - loadIPPluginJar : add ipddr
2024-10-06 13:52:32,111 [INFO] IPUIPlugin:80 - create IPUIPlugin
2024-10-06 13:52:32,111 [INFO] PluginManager:220 - loadIPPluginJar : add linkedlist
2024-10-06 13:52:32,117 [INFO] IPUIPlugin:80 - create IPUIPlugin
2024-10-06 13:52:32,117 [INFO] PluginManager:220 - loadIPPluginJar : add lorawan
2024-10-06 13:52:32,120 [INFO] IPUIPlugin:80 - create IPUIPlugin
2024-10-06 13:52:32,120 [INFO] PluginManager:220 - loadIPPluginJar : add ltdc
2024-10-06 13:52:32,213 [INFO] IPUIPlugin:80 - create IPUIPlugin
2024-10-06 13:52:32,213 [INFO] PluginManager:220 - loadIPPluginJar : add mdma
2024-10-06 13:52:32,223 [INFO] IPUIPlugin:80 - create IPUIPlugin
2024-10-06 13:52:32,223 [INFO] PluginManager:220 - loadIPPluginJar : add nvic
2024-10-06 13:52:32,229 [INFO] IPUIPlugin:80 - create IPUIPlugin
2024-10-06 13:52:32,229 [INFO] PluginManager:220 - loadIPPluginJar : add opamp
2024-10-06 13:52:32,235 [INFO] IPUIPlugin:80 - create IPUIPlugin
2024-10-06 13:52:32,236 [INFO] PluginManager:220 - loadIPPluginJar : add openamp
2024-10-06 13:52:32,242 [INFO] IPUIPlugin:80 - create IPUIPlugin
2024-10-06 13:52:32,242 [INFO] PluginManager:220 - loadIPPluginJar : add pdm2pcm
2024-10-06 13:52:32,256 [INFO] IPUIPlugin:80 - create IPUIPlugin
2024-10-06 13:52:32,263 [INFO] PluginManager:220 - loadIPPluginJar : add plateformsettings
2024-10-06 13:52:32,270 [INFO] IPUIPlugin:80 - create IPUIPlugin
2024-10-06 13:52:32,270 [INFO] PluginManager:220 - loadIPPluginJar : add quadspi
2024-10-06 13:52:32,274 [INFO] IPUIPlugin:80 - create IPUIPlugin
2024-10-06 13:52:32,275 [INFO] PluginManager:220 - loadIPPluginJar : add radio
2024-10-06 13:52:32,283 [INFO] IPUIPlugin:80 - create IPUIPlugin
2024-10-06 13:52:32,283 [INFO] PluginManager:220 - loadIPPluginJar : add resmgrutility
2024-10-06 13:52:32,289 [INFO] IPUIPlugin:80 - create IPUIPlugin
2024-10-06 13:52:32,289 [INFO] PluginManager:220 - loadIPPluginJar : add sai
2024-10-06 13:52:32,294 [INFO] IPUIPlugin:80 - create IPUIPlugin
2024-10-06 13:52:32,294 [INFO] PluginManager:220 - loadIPPluginJar : add spi
2024-10-06 13:52:32,305 [INFO] IPUIPlugin:80 - create IPUIPlugin
2024-10-06 13:52:32,305 [INFO] PluginManager:220 - loadIPPluginJar : add stm32_wpan
2024-10-06 13:52:32,309 [INFO] IPUIPlugin:80 - create IPUIPlugin
2024-10-06 13:52:32,309 [INFO] PluginManager:220 - loadIPPluginJar : add tim
2024-10-06 13:52:32,328 [INFO] IPUIPlugin:80 - create IPUIPlugin
2024-10-06 13:52:32,329 [INFO] PluginManager:220 - loadIPPluginJar : add touchsensing
2024-10-06 13:52:32,332 [INFO] IPUIPlugin:80 - create IPUIPlugin
2024-10-06 13:52:32,333 [INFO] PluginManager:220 - loadIPPluginJar : add tracer_emb
2024-10-06 13:52:32,337 [INFO] IPUIPlugin:80 - create IPUIPlugin
2024-10-06 13:52:32,337 [INFO] PluginManager:220 - loadIPPluginJar : add ts
2024-10-06 13:52:32,340 [INFO] IPUIPlugin:80 - create IPUIPlugin
2024-10-06 13:52:32,340 [INFO] PluginManager:220 - loadIPPluginJar : add tsc
2024-10-06 13:52:32,344 [INFO] IPUIPlugin:80 - create IPUIPlugin
2024-10-06 13:52:32,344 [INFO] PluginManager:220 - loadIPPluginJar : add ucpd
2024-10-06 13:52:32,350 [INFO] IPUIPlugin:80 - create IPUIPlugin
2024-10-06 13:52:32,351 [INFO] PluginManager:220 - loadIPPluginJar : add usart
2024-10-06 13:52:32,357 [INFO] IPUIPlugin:80 - create IPUIPlugin
2024-10-06 13:52:32,357 [INFO] PluginManager:220 - loadIPPluginJar : add usbx
2024-10-06 13:52:34,296 [INFO] CADModel:165 - CPN selected for project level
2024-10-06 13:52:34,297 [INFO] CADModel:114 - Register for checkConnection events
2024-10-06 13:52:34,297 [FATAL] Updater:334 - Updater called before beeing initialized
2024-10-06 13:52:34,298 [ERROR] CADModel:125 - Updater not yet initialized, retry later 
2024-10-06 13:52:34,504 [INFO] ThirdPartyUpdaterWithRetryManager:70 - Updater plugin not ready yet. [3/15]
2024-10-06 13:52:34,723 [INFO] CADModel:165 - CPN selected for project level
2024-10-06 13:52:34,724 [INFO] CADModel:114 - Register for checkConnection events
2024-10-06 13:52:34,724 [FATAL] Updater:334 - Updater called before beeing initialized
2024-10-06 13:52:34,724 [ERROR] CADModel:125 - Updater not yet initialized, retry later 
2024-10-06 13:52:34,734 [FATAL] Updater:334 - Updater called before beeing initialized
2024-10-06 13:52:35,192 [FATAL] Updater:334 - Updater called before beeing initialized
2024-10-06 13:52:35,203 [INFO] DbMcusAds:53 - JSON generation date=Thu Sep 30 12:25:09 IST 2021 (1632984909247)
2024-10-06 13:52:35,204 [FATAL] Updater:334 - Updater called before beeing initialized
2024-10-06 13:52:35,368 [WARN] DetailPanel:346 - Failed to get advertising image, set to default
2024-10-06 13:52:35,916 [FATAL] Updater:334 - Updater called before beeing initialized
2024-10-06 13:52:35,923 [FATAL] Updater:334 - Updater called before beeing initialized
2024-10-06 13:52:35,923 [FATAL] Updater:334 - Updater called before beeing initialized
2024-10-06 13:52:35,924 [WARN] DetailPanel:346 - Failed to get advertising image, set to default
2024-10-06 13:52:35,926 [FATAL] Updater:334 - Updater called before beeing initialized
2024-10-06 13:52:36,145 [ERROR] Updater:1164 - MainUpdater not yet initialized. External WinMGr cannot be set.
2024-10-06 13:52:36,148 [INFO] Updater:1100 - Updater Version found : 6.12.1
2024-10-06 13:52:36,186 [INFO] ApplicationProperties:184 - Using Application install path: E:\STM32\STM32CubeIDE_1.16.1\STM32CubeIDE\plugins\com.st.stm32cube.common.mx_6.12.1.202409122256
2024-10-06 13:52:36,942 [INFO] MainUpdater:2873 - connection check result : 22
2024-10-06 13:52:36,967 [INFO] MainUpdater:290 - Updater Check For Update Now.
2024-10-06 13:52:36,967 [INFO] MicroXplorer:498 - Change Database Version : DB.6.0.121
2024-10-06 13:52:36,979 [INFO] McuFinderGlobals:63 - Set McuFinder mode to 2 (CubeIDE integrated)
2024-10-06 13:52:36,981 [INFO] UserAuth:417 - Internet connection configuration mode: 2
2024-10-06 13:52:36,993 [INFO] UserAuth:417 - Internet connection configuration mode: 2
2024-10-06 13:52:37,477 [INFO] CheckServerUpdateThread:120 - End of CheckServer Thread
2024-10-06 13:52:40,240 [WARN] PackLoader:240 - Cannot read IP mode file for STMicroelectronics.FP-SNS-MOTENVWB1.1.4.0
2024-10-06 13:52:40,561 [WARN] PackLoader:240 - Cannot read IP mode file for STMicroelectronics.X-CUBE-SMBUS.2.1.0
2024-10-06 13:52:40,814 [WARN] PackLoader:240 - Cannot read IP mode file for STMicroelectronics.X-CUBE-WB05N.1.1.0
2024-10-06 13:52:41,073 [WARN] PackLoader:240 - Cannot read IP mode file for STMicroelectronics.X-CUBE-AZRTOS-F7.1.1.0
2024-10-06 13:52:41,430 [WARN] PackLoader:240 - Cannot read IP mode file for STMicroelectronics.X-CUBE-MEMS1.11.0.0
2024-10-06 13:52:42,437 [WARN] PackLoader:240 - Cannot read IP mode file for STMicroelectronics.FP-SNS-FLIGHT1.5.0.2
2024-10-06 13:52:42,586 [WARN] PackLoader:240 - Cannot read IP mode file for STMicroelectronics.X-CUBE-DISPLAY.3.0.0
2024-10-06 13:52:42,734 [WARN] PackLoader:240 - Cannot read IP mode file for STMicroelectronics.X-CUBE-BLE1.7.0.0
2024-10-06 13:52:42,869 [WARN] PackLoader:240 - Cannot read IP mode file for STMicroelectronics.X-CUBE-NFC10.1.0.0
2024-10-06 13:52:43,102 [WARN] PackLoader:240 - Cannot read IP mode file for emotas.I-CUBE-CANOPEN.1.3.0
2024-10-06 13:52:43,365 [WARN] PackLoader:240 - Cannot read IP mode file for STMicroelectronics.X-CUBE-BLEMGR.3.1.0
2024-10-06 13:52:43,687 [WARN] PackLoader:240 - Cannot read IP mode file for STMicroelectronics.FP-SNS-SMARTAG2.1.2.0
2024-10-06 13:52:44,236 [INFO] LogOutputStream:77 - [STDOUT_REDIRECT] 1 : Invalid condition id : UX_CORESTACK_Condition cause : null
2024-10-06 13:52:44,237 [INFO] LogOutputStream:77 - [STDOUT_REDIRECT] 1 : Invalid condition id : UX_CORESTACK_Condition cause : null
2024-10-06 13:52:44,241 [INFO] LogOutputStream:77 - [STDOUT_REDIRECT] 1 : Invalid condition id : UX_CORESTACK_Condition cause : null
2024-10-06 13:52:44,245 [INFO] LogOutputStream:77 - [STDOUT_REDIRECT] 1 : Invalid condition id : UX_CORESTACK_Condition cause : null
2024-10-06 13:52:44,250 [INFO] LogOutputStream:77 - [STDOUT_REDIRECT] 1 : Invalid condition id : UX_CORESTACK_Condition cause : null
2024-10-06 13:52:44,257 [WARN] PackLoader:240 - Cannot read IP mode file for STMicroelectronics.X-CUBE-AZRTOS-WL.2.0.0
2024-10-06 13:52:44,492 [WARN] PackLoader:240 - Cannot read IP mode file for STMicroelectronics.FP-SNS-MOTENV1.5.0.0
2024-10-06 13:52:44,565 [WARN] PackLoader:240 - Cannot read IP mode file for wolfSSL.I-CUBE-wolfMQTT.1.19.0
2024-10-06 13:52:44,664 [WARN] PackLoader:240 - Cannot read IP mode file for WES.I-CUBE-Cesium.1.3.0
2024-10-06 13:52:44,806 [WARN] PackLoader:240 - Cannot read IP mode file for STMicroelectronics.X-CUBE-BLE2.3.3.0
2024-10-06 13:52:44,973 [WARN] PackLoader:240 - Cannot read IP mode file for STMicroelectronics.X-CUBE-NFC9.1.0.0
2024-10-06 13:52:45,050 [WARN] PackLoader:240 - Cannot read IP mode file for STMicroelectronics.X-CUBE-TCPP.4.1.0
2024-10-06 13:52:45,180 [WARN] PackLoader:240 - Cannot read IP mode file for STMicroelectronics.X-CUBE-AZRTOS-G0.1.1.0
2024-10-06 13:52:45,333 [WARN] PackLoader:240 - Cannot read IP mode file for STMicroelectronics.X-CUBE-SAFEA1.1.2.2
2024-10-06 13:52:45,430 [WARN] PackLoader:240 - Cannot read IP mode file for STMicroelectronics.X-CUBE-NFC4.3.0.0
2024-10-06 13:52:45,588 [WARN] PackLoader:240 - Cannot read IP mode file for EmbeddedOffice.I-CUBE-FS-RTOS.1.0.1
2024-10-06 13:52:45,588 [ERROR] ConditionMgr:805 - Attr not supported : Dmpu
2024-10-06 13:52:45,589 [ERROR] ConditionMgr:805 - Attr not supported : Dmpu
2024-10-06 13:52:45,589 [ERROR] ConditionMgr:805 - Attr not supported : Dmpu
2024-10-06 13:52:45,589 [ERROR] ConditionMgr:805 - Attr not supported : Dmpu
2024-10-06 13:52:45,589 [ERROR] ConditionMgr:805 - Attr not supported : Dmpu
2024-10-06 13:52:45,590 [ERROR] ConditionMgr:805 - Attr not supported : Dmpu
2024-10-06 13:52:45,590 [ERROR] ConditionMgr:805 - Attr not supported : Dmpu
2024-10-06 13:52:45,592 [ERROR] ConditionMgr:805 - Attr not supported : Dmpu
2024-10-06 13:52:45,596 [ERROR] ConditionMgr:805 - Attr not supported : Dmpu
2024-10-06 13:52:45,596 [ERROR] ConditionMgr:805 - Attr not supported : Dmpu
2024-10-06 13:52:45,597 [ERROR] ConditionMgr:805 - Attr not supported : Dmpu
2024-10-06 13:52:45,597 [ERROR] ConditionMgr:805 - Attr not supported : Dmpu
2024-10-06 13:52:45,597 [ERROR] ConditionMgr:805 - Attr not supported : Dmpu
2024-10-06 13:52:45,597 [ERROR] ConditionMgr:805 - Attr not supported : Dmpu
2024-10-06 13:52:45,598 [ERROR] ConditionMgr:805 - Attr not supported : Dmpu
2024-10-06 13:52:45,598 [ERROR] ConditionMgr:805 - Attr not supported : Dmpu
2024-10-06 13:52:45,598 [ERROR] ConditionMgr:805 - Attr not supported : Dmpu
2024-10-06 13:52:45,599 [ERROR] ConditionMgr:805 - Attr not supported : Dmpu
2024-10-06 13:52:45,599 [ERROR] ConditionMgr:805 - Attr not supported : Dmpu
2024-10-06 13:52:45,599 [ERROR] ConditionMgr:805 - Attr not supported : Dmpu
2024-10-06 13:52:45,599 [ERROR] ConditionMgr:805 - Attr not supported : Dmpu
2024-10-06 13:52:45,599 [ERROR] ConditionMgr:805 - Attr not supported : Dmpu
2024-10-06 13:52:45,599 [ERROR] ConditionMgr:805 - Attr not supported : Dmpu
2024-10-06 13:52:45,600 [ERROR] ConditionMgr:805 - Attr not supported : Dmpu
2024-10-06 13:52:45,600 [ERROR] ConditionMgr:805 - Attr not supported : Dmpu
2024-10-06 13:52:45,600 [ERROR] ConditionMgr:805 - Attr not supported : Dmpu
2024-10-06 13:52:45,600 [ERROR] ConditionMgr:805 - Attr not supported : Dmpu
2024-10-06 13:52:45,601 [ERROR] ConditionMgr:805 - Attr not supported : Dmpu
2024-10-06 13:52:45,601 [ERROR] ConditionMgr:805 - Attr not supported : Dmpu
2024-10-06 13:52:45,601 [ERROR] ConditionMgr:805 - Attr not supported : Dmpu
2024-10-06 13:52:45,601 [ERROR] ConditionMgr:805 - Attr not supported : Dmpu
2024-10-06 13:52:45,601 [ERROR] ConditionMgr:805 - Attr not supported : Dmpu
2024-10-06 13:52:45,602 [ERROR] ConditionMgr:805 - Attr not supported : Dmpu
2024-10-06 13:52:45,602 [ERROR] ConditionMgr:805 - Attr not supported : Dmpu
2024-10-06 13:52:45,602 [ERROR] ConditionMgr:805 - Attr not supported : Dmpu
2024-10-06 13:52:45,602 [ERROR] ConditionMgr:805 - Attr not supported : Dmpu
2024-10-06 13:52:45,602 [ERROR] ConditionMgr:805 - Attr not supported : Dmpu
2024-10-06 13:52:45,603 [ERROR] ConditionMgr:805 - Attr not supported : Dmpu
2024-10-06 13:52:45,603 [ERROR] ConditionMgr:805 - Attr not supported : Dmpu
2024-10-06 13:52:45,603 [ERROR] ConditionMgr:805 - Attr not supported : Dmpu
2024-10-06 13:52:45,603 [ERROR] ConditionMgr:805 - Attr not supported : Dmpu
2024-10-06 13:52:45,603 [ERROR] ConditionMgr:805 - Attr not supported : Dmpu
2024-10-06 13:52:45,603 [ERROR] ConditionMgr:805 - Attr not supported : Dmpu
2024-10-06 13:52:45,603 [ERROR] ConditionMgr:805 - Attr not supported : Dmpu
2024-10-06 13:52:45,604 [ERROR] ConditionMgr:805 - Attr not supported : Dmpu
2024-10-06 13:52:45,604 [ERROR] ConditionMgr:805 - Attr not supported : Dmpu
2024-10-06 13:52:45,604 [ERROR] ConditionMgr:805 - Attr not supported : Dmpu
2024-10-06 13:52:45,604 [ERROR] ConditionMgr:805 - Attr not supported : Dmpu
2024-10-06 13:52:45,605 [ERROR] ConditionMgr:805 - Attr not supported : Dmpu
2024-10-06 13:52:45,605 [ERROR] ConditionMgr:805 - Attr not supported : Dmpu
2024-10-06 13:52:45,605 [ERROR] ConditionMgr:805 - Attr not supported : Dmpu
2024-10-06 13:52:45,605 [ERROR] ConditionMgr:805 - Attr not supported : Dmpu
2024-10-06 13:52:45,605 [ERROR] ConditionMgr:805 - Attr not supported : Dmpu
2024-10-06 13:52:45,606 [ERROR] ConditionMgr:805 - Attr not supported : Dmpu
2024-10-06 13:52:45,606 [ERROR] ConditionMgr:805 - Attr not supported : Dmpu
2024-10-06 13:52:45,606 [ERROR] ConditionMgr:805 - Attr not supported : Dmpu
2024-10-06 13:52:45,607 [ERROR] ConditionMgr:805 - Attr not supported : Dmpu
2024-10-06 13:52:45,607 [ERROR] ConditionMgr:805 - Attr not supported : Dmpu
2024-10-06 13:52:45,607 [ERROR] ConditionMgr:805 - Attr not supported : Dmpu
2024-10-06 13:52:45,607 [ERROR] ConditionMgr:805 - Attr not supported : Dmpu
2024-10-06 13:52:45,608 [ERROR] ConditionMgr:805 - Attr not supported : Dmpu
2024-10-06 13:52:45,608 [ERROR] ConditionMgr:805 - Attr not supported : Dmpu
2024-10-06 13:52:45,608 [ERROR] ConditionMgr:805 - Attr not supported : Dmpu
2024-10-06 13:52:45,609 [ERROR] ConditionMgr:805 - Attr not supported : Dmpu
2024-10-06 13:52:45,735 [WARN] PackLoader:240 - Cannot read IP mode file for RealThread.X-CUBE-RT-Thread_Nano.4.1.1
2024-10-06 13:52:45,772 [WARN] PackLoader:240 - Cannot read IP mode file for STMicroelectronics.FP-ATR-SIGFOX1.3.2.0
2024-10-06 13:52:45,832 [WARN] PackLoader:240 - Cannot read IP mode file for wolfSSL.I-CUBE-wolfSSL.5.7.2
2024-10-06 13:52:45,894 [WARN] PackLoader:240 - Cannot read IP mode file for STMicroelectronics.X-CUBE-EEPRMA1.5.1.0
2024-10-06 13:52:46,014 [WARN] PackLoader:240 - Cannot read IP mode file for ITTIA_DB.I-CUBE-ITTIADB.8.9.0
2024-10-06 13:52:46,200 [WARN] PackLoader:240 - Cannot read IP mode file for SEGGER.I-CUBE-embOS.1.3.1
2024-10-06 13:52:46,427 [WARN] PackLoader:240 - Cannot read IP mode file for STMicroelectronics.X-CUBE-ALGOBUILD.1.4.0
2024-10-06 13:52:46,577 [WARN] PackLoader:240 - Cannot read IP mode file for STMicroelectronics.X-CUBE-AI.9.1.0
2024-10-06 13:52:46,759 [WARN] PackLoader:240 - Cannot read IP mode file for STMicroelectronics.X-CUBE-AZRTOS-F4.1.1.0
2024-10-06 13:52:46,836 [WARN] PackLoader:240 - Cannot read IP mode file for STMicroelectronics.X-CUBE-ISPU.2.1.0
2024-10-06 13:52:46,990 [WARN] PackLoader:240 - Cannot read IP mode file for STMicroelectronics.X-CUBE-FREERTOS.1.2.0
2024-10-06 13:52:47,155 [WARN] PackLoader:240 - Cannot read IP mode file for STMicroelectronics.X-CUBE-AZRTOS-L5.2.0.0
2024-10-06 13:52:47,409 [WARN] PackLoader:240 - Cannot read IP mode file for STMicroelectronics.X-CUBE-NFC6.3.1.0
2024-10-06 13:52:47,485 [WARN] PackLoader:240 - Cannot read IP mode file for STMicroelectronics.X-CUBE-DPower.1.2.0
2024-10-06 13:52:48,602 [WARN] PackLoader:240 - Cannot read IP mode file for STMicroelectronics.X-CUBE-NFC7.1.0.1
2024-10-06 13:52:48,725 [WARN] ConditionMgr:438 - getConditionDescription Invalid condition id : LAN8742 Phy interface Condition cause : null
2024-10-06 13:52:48,728 [WARN] PackLoader:240 - Cannot read IP mode file for STMicroelectronics.X-CUBE-AZRTOS-L4.2.0.0
2024-10-06 13:52:48,732 [WARN] ConditionMgr:1039 - genDependencies : Invalid condition id : LAN8742 Phy interface Condition cause : null
2024-10-06 13:52:48,732 [WARN] ConditionMgr:1039 - genDependencies : Invalid condition id : LAN8742 Phy interface Condition cause : null
2024-10-06 13:52:48,734 [WARN] ConditionMgr:1039 - genDependencies : Invalid condition id : LAN8742 Phy interface Condition cause : null
2024-10-06 13:52:48,818 [WARN] PackLoader:240 - Cannot read IP mode file for STMicroelectronics.X-CUBE-SFXS2LP1.4.0.0
2024-10-06 13:52:49,380 [WARN] PackLoader:240 - Cannot read IP mode file for STMicroelectronics.X-CUBE-AZRTOS-H7.3.3.0
2024-10-06 13:52:49,526 [WARN] PackLoader:240 - Cannot read IP mode file for STMicroelectronics.X-CUBE-IPS.3.0.0
2024-10-06 13:52:49,646 [WARN] ConditionMgr:438 - getConditionDescription Invalid condition id : UX DEVICE CLASS RTOS Condition cause : null
2024-10-06 13:52:49,647 [WARN] ConditionMgr:438 - getConditionDescription Invalid condition id : UX DEVICE CLASS RTOS Condition cause : null
2024-10-06 13:52:49,652 [WARN] PackLoader:240 - Cannot read IP mode file for STMicroelectronics.X-CUBE-AZRTOS-WB.2.0.0
2024-10-06 13:52:49,653 [WARN] ConditionMgr:1039 - genDependencies : Invalid condition id : UX DEVICE CLASS RTOS Condition cause : null
2024-10-06 13:52:49,654 [WARN] ConditionMgr:1039 - genDependencies : Invalid condition id : UX DEVICE CLASS RTOS Condition cause : null
2024-10-06 13:52:49,655 [WARN] ConditionMgr:1039 - genDependencies : Invalid condition id : UX DEVICE CLASS RTOS Condition cause : null
2024-10-06 13:52:49,656 [WARN] ConditionMgr:1039 - genDependencies : Invalid condition id : UX DEVICE CLASS RTOS Condition cause : null
2024-10-06 13:52:49,656 [WARN] ConditionMgr:1039 - genDependencies : Invalid condition id : UX DEVICE CLASS RTOS Condition cause : null
2024-10-06 13:52:49,728 [WARN] PackLoader:240 - Cannot read IP mode file for STMicroelectronics.X-CUBE-GNSS1.7.0.0
2024-10-06 13:52:49,797 [WARN] PackLoader:240 - Cannot read IP mode file for STMicroelectronics.FP-SNS-STBOX1.2.0.0
2024-10-06 13:52:49,980 [WARN] PackLoader:240 - Cannot read IP mode file for STMicroelectronics.X-CUBE-SUBG2.5.0.0
2024-10-06 13:52:51,072 [WARN] PackLoader:240 - Cannot read IP mode file for Cesanta.I-CUBE-Mongoose.7.13.0
2024-10-06 13:52:51,232 [WARN] PackLoader:240 - Cannot read IP mode file for STMicroelectronics.X-CUBE-AZRTOS-G4.2.0.0
2024-10-06 13:52:51,341 [WARN] PackLoader:240 - Cannot read IP mode file for STMicroelectronics.X-CUBE-ALS.1.0.2
2024-10-06 13:52:51,377 [WARN] PackLoader:240 - Cannot read IP mode file for STMicroelectronics.X-CUBE-TOUCHGFX.4.24.1
2024-10-06 13:52:51,448 [WARN] PackLoader:240 - Cannot read IP mode file for wolfSSL.I-CUBE-wolfTPM.3.4.0
2024-10-06 13:52:51,518 [WARN] PackLoader:240 - Cannot read IP mode file for portGmbH.I-Cube-SoM-uGOAL.1.1.0
2024-10-06 13:52:51,631 [WARN] PackLoader:240 - Cannot read IP mode file for STMicroelectronics.X-CUBE-AZRTOS-H7RS.1.0.0
2024-10-06 13:52:51,778 [WARN] PackLoader:240 - Cannot read IP mode file for STMicroelectronics.FP-ATR-ASTRA1.2.0.0
2024-10-06 13:52:51,882 [WARN] PackLoader:240 - Cannot read IP mode file for STMicroelectronics.X-CUBE-TOF1.3.4.2
2024-10-06 13:52:52,026 [WARN] PackLoader:240 - Cannot read IP mode file for Infineon.AIROC-Wi-Fi-Bluetooth-STM32.1.6.1
2024-10-06 13:52:52,089 [WARN] PackLoader:240 - Cannot read IP mode file for wolfSSL.I-CUBE-wolfSSH.1.4.17
2024-10-06 13:52:52,090 [INFO] ThirdParty:978 - Integrity check success = true
2024-10-06 13:52:52,091 [INFO] IntegrityCheckThread:100 - exiting critical section [integrity check]
2024-10-06 13:52:52,091 [INFO] IntegrityCheckThread:103 - End integrity checks thread
